<?xml version="1.0" encoding="UTF-8"?>
<!-- Generated by org.testng.reporters.JUnitReportReporter -->
<testsuite skipped="0" hostname="fai01" name="TestClass.ValidationTest" tests="3" failures="0" timestamp="11 Nov 2017 01:46:49 GMT" time="0.698" errors="0">
  <testcase name="biggestWord" time="0.011" classname="TestClass.ValidationTest"/>
  <testcase name="unitTesting1" time="0.648" classname="TestClass.ValidationTest"/>
  <testcase name="unitTesting2" time="0.039" classname="TestClass.ValidationTest"/>
</testsuite> <!-- TestClass.ValidationTest -->
