<?xml version="1.0" encoding="UTF-8"?>
<!-- Generated by org.testng.reporters.JUnitReportReporter -->
<testsuite skipped="0" hostname="fai01" name="TestClass.ValidationTest" tests="3" failures="0" timestamp="10 Nov 2017 08:33:17 GMT" time="0.592" errors="0">
  <testcase name="biggestWord" time="0.010" classname="TestClass.ValidationTest"/>
  <testcase name="unitTesting1" time="0.541" classname="TestClass.ValidationTest"/>
  <testcase name="unitTesting2" time="0.041" classname="TestClass.ValidationTest"/>
</testsuite> <!-- TestClass.ValidationTest -->
