<?xml version="1.0" encoding="UTF-8"?>
<!-- Generated by org.testng.reporters.JUnitReportReporter -->
<testsuite skipped="0" hostname="fai01" name="TestClass.ValidationTest" tests="3" failures="0" timestamp="10 Nov 2017 08:05:51 GMT" time="0.576" errors="0">
  <testcase name="biggestWord" time="0.011" classname="TestClass.ValidationTest"/>
  <testcase name="unitTesting1" time="0.523" classname="TestClass.ValidationTest"/>
  <testcase name="unitTesting2" time="0.042" classname="TestClass.ValidationTest"/>
</testsuite> <!-- TestClass.ValidationTest -->
