<?xml version="1.0" encoding="UTF-8"?>
<!-- Generated by org.testng.reporters.JUnitReportReporter -->
<testsuite skipped="0" hostname="fai01" name="TestClass.ValidationTest" tests="3" failures="0" timestamp="10 Nov 2017 15:57:52 GMT" time="0.571" errors="0">
  <testcase name="biggestWord" time="0.012" classname="TestClass.ValidationTest"/>
  <testcase name="unitTesting1" time="0.519" classname="TestClass.ValidationTest"/>
  <testcase name="unitTesting2" time="0.040" classname="TestClass.ValidationTest"/>
</testsuite> <!-- TestClass.ValidationTest -->
